-------------------------------------------------------------------------------
Test set: com.cts.junitlearn.GameTest
-------------------------------------------------------------------------------
Tests run: 1, Failures: 0, Errors: 1, Skipped: 0, Time elapsed: 0.004 s <<< FAILURE! - in com.cts.junitlearn.GameTest
com.cts.junitlearn.GameTest.testAttack  Time elapsed: 0.002 s  <<< ERROR!
java.lang.NoClassDefFoundError: Could not initialize class org.mockito.internal.creation.cglib.ClassImposterizer$3
	at com.cts.junitlearn.GameTest.setUp(GameTest.java:21)

